2019-03-29 14:43:30.8151||API.Program|DEBUG|  init 
2019-03-29 14:47:07.5135||API.Program|DEBUG|  init 
2019-03-29 14:47:48.9910||API.Controllers.AccountController|INFO|  vovanss@gmail.com started to logging in... 
2019-03-29 14:47:49.1209||API.Controllers.AccountController|INFO|  vovanss@gmail.com successfully logging in... 
2019-03-29 14:47:49.6125||API.Controllers.BookController|INFO|  Getting actual User... 
2019-03-29 14:47:49.6590||API.Controllers.BookController|INFO|  actual User is vovanss@gmail.com 
2019-03-29 14:47:49.7089||API.Controllers.BookController|INFO|  Getting vovanss@gmail.com books... 
2019-03-29 14:47:50.2620||API.Controllers.BookController|INFO|  vovanss@gmail.com books was successfully found 
2019-03-29 14:47:52.2540||API.Controllers.BookController|INFO|  Getting actual User... 
2019-03-29 14:47:52.3076||API.Controllers.BookController|INFO|  actual User is vovanss@gmail.com 
2019-03-29 14:47:52.3245||API.Controllers.BookController|INFO|  vovanss@gmail.com trying to Add new book 
2019-03-29 14:47:53.7355||API.Controllers.BookController|INFO|  asdasd was created by vovanss@gmail.com 
2019-03-29 14:47:55.5516||API.Controllers.BookController|INFO|  Getting actual User... 
2019-03-29 14:47:55.6036||API.Controllers.BookController|INFO|  actual User is vovanss@gmail.com 
2019-03-29 14:47:55.6169||API.Controllers.BookController|INFO|  Deleting Book by vovanss@gmail.com 
2019-03-29 14:47:55.7787||API.Controllers.BookController|INFO|  asdasd was deleted by vovanss@gmail.com 
2019-03-29 14:47:56.2085||API.Controllers.BookController|INFO|  Getting actual User... 
2019-03-29 14:47:56.2532||API.Controllers.BookController|INFO|  actual User is vovanss@gmail.com 
2019-03-29 14:47:56.2698||API.Controllers.BookController|INFO|  Getting vovanss@gmail.com books... 
2019-03-29 14:47:56.3175||API.Controllers.BookController|INFO|  vovanss@gmail.com books was successfully found 
2019-03-29 14:47:58.4241||API.Controllers.AccountController|INFO|  User logged out 
2019-03-29 14:50:43.4822||API.Controllers.AccountController|INFO|  vovanss@gmail.com started to logging in... 
2019-03-29 14:50:43.5047||API.Controllers.AccountController|INFO|  vovanss@gmail.com successfully logging in... 
2019-03-29 14:50:43.8541||API.Controllers.BookController|INFO|  Getting actual User... 
2019-03-29 14:50:43.9080||API.Controllers.BookController|INFO|  actual User is vovanss@gmail.com 
2019-03-29 14:50:43.9263||API.Controllers.BookController|INFO|  Getting vovanss@gmail.com books... 
2019-03-29 14:50:43.9654||API.Controllers.BookController|INFO|  vovanss@gmail.com books was successfully found 
2019-03-29 14:50:45.3412||API.Controllers.AccountController|INFO|  User logged out 
2019-03-29 14:52:58.6682||API.Program|DEBUG|  init 
2019-03-29 14:57:15.8984||API.Program|DEBUG|  init 
2019-03-29 15:02:25.3503||API.Program|DEBUG|  init 
2019-03-29 15:05:42.8338||API.Program|DEBUG|  init 
2019-03-29 15:10:25.5411||API.Program|DEBUG|  init 
2019-03-29 15:19:16.8699||API.Program|DEBUG|  init 
2019-03-29 15:24:05.1164||API.Program|DEBUG|  init 
2019-03-29 15:30:38.2386||API.Program|DEBUG|  init 
2019-03-29 15:32:24.3878||API.Program|DEBUG|  init 
2019-04-02 14:11:45.9947||API.Program|DEBUG|  init 
